c:\users\zenex\desktop\gta5_dma\gta5_dma\x64\release\vc143.pdb
c:\users\zenex\desktop\gta5_dma\gta5_dma\x64\release\imgui_widgets.obj
c:\users\zenex\desktop\gta5_dma\gta5_dma\x64\release\imgui_tables.obj
c:\users\zenex\desktop\gta5_dma\gta5_dma\x64\release\imgui_impl_win32.obj
c:\users\zenex\desktop\gta5_dma\gta5_dma\x64\release\imgui_impl_dx11.obj
c:\users\zenex\desktop\gta5_dma\gta5_dma\x64\release\imgui_draw.obj
c:\users\zenex\desktop\gta5_dma\gta5_dma\x64\release\imgui_demo.obj
c:\users\zenex\desktop\gta5_dma\gta5_dma\x64\release\imgui.obj
c:\users\zenex\desktop\gta5_dma\gta5_dma\x64\release\teleport.obj
c:\users\zenex\desktop\gta5_dma\gta5_dma\x64\release\dma.obj
c:\users\zenex\desktop\gta5_dma\gta5_dma\x64\release\gta5_dma.pch
c:\users\zenex\desktop\gta5_dma\gta5_dma\x64\release\pch.obj
c:\users\zenex\desktop\gta5_dma\gta5_dma\x64\release\main.obj
c:\users\zenex\desktop\gta5_dma\gta5_dma\x64\release\weaponinspector.obj
c:\users\zenex\desktop\gta5_dma\gta5_dma\x64\release\refreshhealth.obj
c:\users\zenex\desktop\gta5_dma\gta5_dma\x64\release\nowanted.obj
c:\users\zenex\desktop\gta5_dma\gta5_dma\x64\release\mymenu.obj
c:\users\zenex\desktop\gta5_dma\gta5_dma\x64\release\godmode.obj
c:\users\zenex\desktop\gta5_dma\gta5_dma\x64\release\dev.obj
c:\users\zenex\desktop\gta5_dma\gta5_dma\x64\release\myimgui.obj
c:\users\zenex\desktop\gta5_dma\x64\release\gta5_dma.exe
c:\users\zenex\desktop\gta5_dma\x64\release\gta5_dma.pdb
c:\users\zenex\desktop\gta5_dma\gta5_dma\x64\release\gta5_dma.ipdb
c:\users\zenex\desktop\gta5_dma\gta5_dma\x64\release\gta5_dma.iobj
c:\users\zenex\desktop\gta5_dma\gta5_dma\x64\release\gta5_dma.tlog\cl.command.1.tlog
c:\users\zenex\desktop\gta5_dma\gta5_dma\x64\release\gta5_dma.tlog\cl.items.tlog
c:\users\zenex\desktop\gta5_dma\gta5_dma\x64\release\gta5_dma.tlog\cl.read.1.tlog
c:\users\zenex\desktop\gta5_dma\gta5_dma\x64\release\gta5_dma.tlog\cl.write.1.tlog
c:\users\zenex\desktop\gta5_dma\gta5_dma\x64\release\gta5_dma.tlog\link.command.1.tlog
c:\users\zenex\desktop\gta5_dma\gta5_dma\x64\release\gta5_dma.tlog\link.read.1.tlog
c:\users\zenex\desktop\gta5_dma\gta5_dma\x64\release\gta5_dma.tlog\link.secondary.1.tlog
c:\users\zenex\desktop\gta5_dma\gta5_dma\x64\release\gta5_dma.tlog\link.write.1.tlog
